[2022-06-01T02:37:51.939] [INFO] 17056 run-16 - Listening on port 3000 in development mode.
[2022-06-01T02:37:52.993] [INFO] 17056 service.js-22 - DB is connected
[2022-06-01T02:39:42.987] [INFO] 808 run-16 - Listening on port 3000 in development mode.
[2022-06-01T02:39:43.903] [INFO] 808 service.js-23 - DB is connected
[2022-06-01T02:42:22.057] [DEBUG] 808 service.js-29 - POST: /addNewItem
[2022-06-01T02:42:22.167] [INFO] 808 service.js-43 - origin:  undefined
[2022-06-01T02:44:55.183] [INFO] 25788 run-16 - Listening on port 3000 in development mode.
[2022-06-01T02:44:56.037] [INFO] 25788 service.js-23 - DB is connected
[2022-06-01T02:44:58.242] [DEBUG] 25788 service.js-29 - POST: /addNewItem
[2022-06-01T02:44:58.253] [INFO] 25788 service.js-43 - origin:  undefined
[2022-06-01T02:49:47.241] [DEBUG] 25788 service.js-29 - GET: /getAllItems
[2022-06-01T02:49:47.241] [INFO] 25788 service.js-43 - origin:  http://localhost:1234
[2022-06-01T02:50:04.085] [DEBUG] 25788 service.js-29 - GET: /getAllItems
[2022-06-01T02:50:04.086] [INFO] 25788 service.js-43 - origin:  http://localhost:1234
[2022-06-01T02:50:41.513] [DEBUG] 25788 service.js-29 - GET: /getAllItems
[2022-06-01T02:50:41.514] [INFO] 25788 service.js-43 - origin:  undefined
[2022-06-01T02:51:02.008] [DEBUG] 25788 service.js-29 - GET: /getAllItems
[2022-06-01T02:51:02.009] [INFO] 25788 service.js-43 - origin:  http://localhost:1234
[2022-06-01T02:51:40.734] [DEBUG] 25788 service.js-29 - GET: /getAllItems
[2022-06-01T02:51:40.734] [INFO] 25788 service.js-43 - origin:  http://localhost:1234
[2022-06-01T02:51:57.232] [DEBUG] 25788 service.js-29 - GET: /getAllItems
[2022-06-01T02:51:57.233] [INFO] 25788 service.js-43 - origin:  http://localhost:1234
[2022-06-01T02:53:01.757] [DEBUG] 25788 service.js-29 - GET: /getAllItems
[2022-06-01T02:53:01.758] [INFO] 25788 service.js-43 - origin:  http://localhost:1234
[2022-06-01T02:53:37.512] [DEBUG] 25788 service.js-29 - GET: /getAllItems
[2022-06-01T02:53:37.512] [INFO] 25788 service.js-43 - origin:  http://localhost:1234
[2022-06-01T02:55:01.642] [DEBUG] 25788 service.js-29 - GET: /getAllItems
[2022-06-01T02:55:01.642] [INFO] 25788 service.js-43 - origin:  http://localhost:1234
[2022-06-01T03:00:51.801] [INFO] 22088 run-16 - Listening on port 3000 in development mode.
[2022-06-01T03:00:52.685] [INFO] 22088 service.js-23 - DB is connected
[2022-06-01T03:01:35.379] [DEBUG] 22088 service.js-29 - GET: /getAllItems
[2022-06-01T03:01:35.380] [INFO] 22088 service.js-43 - origin:  http://localhost:1234
[2022-06-01T03:02:26.152] [DEBUG] 22088 service.js-29 - GET: /getAllItems
[2022-06-01T03:02:26.152] [INFO] 22088 service.js-43 - origin:  http://localhost:1234
[2022-06-01T03:02:38.775] [DEBUG] 22088 service.js-29 - OPTIONS: /addNewItem
[2022-06-01T03:02:38.775] [INFO] 22088 service.js-43 - origin:  http://localhost:1234
[2022-06-01T03:02:38.776] [DEBUG] 22088 service.js-29 - POST: /addNewItem
[2022-06-01T03:02:38.784] [INFO] 22088 service.js-43 - origin:  http://localhost:1234
[2022-06-01T03:02:59.910] [DEBUG] 22088 service.js-29 - OPTIONS: /addNewItem
[2022-06-01T03:02:59.910] [INFO] 22088 service.js-43 - origin:  http://localhost:1234
[2022-06-01T03:02:59.912] [DEBUG] 22088 service.js-29 - POST: /addNewItem
[2022-06-01T03:02:59.912] [INFO] 22088 service.js-43 - origin:  http://localhost:1234
[2022-06-01T03:06:08.308] [DEBUG] 22088 service.js-29 - GET: /getAllItems
[2022-06-01T03:06:08.308] [INFO] 22088 service.js-43 - origin:  http://localhost:1234
[2022-06-01T03:07:21.511] [DEBUG] 22088 service.js-29 - GET: /getAllItems
[2022-06-01T03:07:21.511] [INFO] 22088 service.js-43 - origin:  http://localhost:1234
[2022-06-01T14:20:34.153] [INFO] 19764 run-16 - Listening on port 3000 in development mode.
[2022-06-01T14:20:35.240] [INFO] 19764 service.js-23 - DB is connected
[2022-06-01T14:21:25.969] [DEBUG] 19764 service.js-29 - GET: /getAllItems
[2022-06-01T14:21:25.969] [INFO] 19764 service.js-43 - origin:  http://localhost:1234
[2022-06-01T14:23:02.559] [DEBUG] 19764 service.js-29 - GET: /getAllItems
[2022-06-01T14:23:02.559] [INFO] 19764 service.js-43 - origin:  http://localhost:1234
[2022-06-01T14:31:08.391] [DEBUG] 19764 service.js-29 - GET: /getAllItems
[2022-06-01T14:31:08.392] [INFO] 19764 service.js-43 - origin:  http://localhost:1234
[2022-06-01T14:31:41.630] [DEBUG] 19764 service.js-29 - GET: /getAllItems
[2022-06-01T14:31:41.630] [INFO] 19764 service.js-43 - origin:  http://localhost:1234
[2022-06-01T14:37:41.463] [DEBUG] 19764 service.js-29 - GET: /getAllItems
[2022-06-01T14:37:41.463] [INFO] 19764 service.js-43 - origin:  http://localhost:1234
[2022-06-01T14:37:44.415] [DEBUG] 19764 service.js-29 - GET: /getAllItems
[2022-06-01T14:37:44.415] [INFO] 19764 service.js-43 - origin:  http://localhost:1234
[2022-06-01T14:38:02.472] [DEBUG] 19764 service.js-29 - GET: /getAllItems
[2022-06-01T14:38:02.472] [INFO] 19764 service.js-43 - origin:  http://localhost:1234
[2022-06-01T14:38:18.010] [DEBUG] 19764 service.js-29 - GET: /getAllItems
[2022-06-01T14:38:18.010] [INFO] 19764 service.js-43 - origin:  http://localhost:1234
[2022-06-01T14:38:36.498] [DEBUG] 19764 service.js-29 - GET: /getAllItems
[2022-06-01T14:38:36.498] [INFO] 19764 service.js-43 - origin:  http://localhost:1234
[2022-06-01T14:49:08.858] [DEBUG] 19764 service.js-29 - GET: /getAllItems
[2022-06-01T14:49:08.858] [INFO] 19764 service.js-43 - origin:  http://localhost:1234
[2022-06-01T14:50:47.274] [DEBUG] 19764 service.js-29 - GET: /getAllItems
[2022-06-01T14:50:47.274] [INFO] 19764 service.js-43 - origin:  http://localhost:1234
[2022-06-01T14:52:09.111] [DEBUG] 19764 service.js-29 - GET: /getAllItems
[2022-06-01T14:52:09.112] [INFO] 19764 service.js-43 - origin:  http://localhost:1234
[2022-06-01T14:52:36.705] [DEBUG] 19764 service.js-29 - OPTIONS: /addNewItem
[2022-06-01T14:52:36.705] [INFO] 19764 service.js-43 - origin:  http://localhost:1234
[2022-06-01T14:52:36.707] [DEBUG] 19764 service.js-29 - POST: /addNewItem
[2022-06-01T14:52:36.773] [INFO] 19764 service.js-43 - origin:  http://localhost:1234
[2022-06-01T14:53:29.443] [DEBUG] 19764 service.js-29 - GET: /getAllItems
[2022-06-01T14:53:29.444] [INFO] 19764 service.js-43 - origin:  http://localhost:1234
[2022-06-01T14:53:41.256] [DEBUG] 19764 service.js-29 - GET: /getAllItems
[2022-06-01T14:53:41.256] [INFO] 19764 service.js-43 - origin:  http://localhost:1234
[2022-06-01T14:53:46.557] [DEBUG] 19764 service.js-29 - GET: /getAllItems
[2022-06-01T14:53:46.558] [INFO] 19764 service.js-43 - origin:  http://localhost:1234
[2022-06-01T14:53:49.664] [DEBUG] 19764 service.js-29 - GET: /getAllItems
[2022-06-01T14:53:49.664] [INFO] 19764 service.js-43 - origin:  http://localhost:1234
[2022-06-01T14:53:52.809] [DEBUG] 19764 service.js-29 - GET: /getAllItems
[2022-06-01T14:53:52.809] [INFO] 19764 service.js-43 - origin:  http://localhost:1234
[2022-06-01T15:51:18.243] [DEBUG] 19764 service.js-29 - GET: /getAllItems
[2022-06-01T15:51:18.243] [INFO] 19764 service.js-43 - origin:  http://localhost:1234
[2022-06-01T15:51:31.468] [DEBUG] 19764 service.js-29 - GET: /getAllItems
[2022-06-01T15:51:31.468] [INFO] 19764 service.js-43 - origin:  http://localhost:1234
[2022-06-01T15:51:45.224] [DEBUG] 19764 service.js-29 - GET: /getAllItems
[2022-06-01T15:51:45.224] [INFO] 19764 service.js-43 - origin:  http://localhost:1234
[2022-06-01T15:51:57.015] [DEBUG] 19764 service.js-29 - GET: /getAllItems
[2022-06-01T15:51:57.015] [INFO] 19764 service.js-43 - origin:  http://localhost:1234
[2022-06-01T16:13:54.789] [DEBUG] 19764 service.js-29 - GET: /getAllItems
[2022-06-01T16:13:54.789] [INFO] 19764 service.js-43 - origin:  http://localhost:1234
[2022-06-01T16:19:37.448] [DEBUG] 19764 service.js-29 - GET: /getAllItems
[2022-06-01T16:19:37.449] [INFO] 19764 service.js-43 - origin:  http://localhost:1234
[2022-06-01T16:19:38.377] [DEBUG] 19764 service.js-29 - GET: /getAllItems
[2022-06-01T16:19:38.377] [INFO] 19764 service.js-43 - origin:  http://localhost:1234
[2022-06-01T16:19:57.334] [DEBUG] 19764 service.js-29 - GET: /getAllItems
[2022-06-01T16:19:57.334] [INFO] 19764 service.js-43 - origin:  http://localhost:1234
[2022-06-01T16:20:00.002] [DEBUG] 19764 service.js-29 - GET: /getAllItems
[2022-06-01T16:20:00.003] [INFO] 19764 service.js-43 - origin:  http://localhost:1234
[2022-06-01T16:20:37.523] [DEBUG] 19764 service.js-29 - GET: /getAllItems
[2022-06-01T16:20:37.524] [INFO] 19764 service.js-43 - origin:  http://localhost:1234
[2022-06-01T16:20:55.728] [DEBUG] 19764 service.js-29 - GET: /getAllItems
[2022-06-01T16:20:55.729] [INFO] 19764 service.js-43 - origin:  http://localhost:1234
[2022-06-01T16:22:38.117] [DEBUG] 19764 service.js-29 - GET: /getAllItems
[2022-06-01T16:22:38.117] [INFO] 19764 service.js-43 - origin:  http://localhost:1234
[2022-06-01T16:23:39.041] [DEBUG] 19764 service.js-29 - GET: /getAllItems
[2022-06-01T16:23:39.041] [INFO] 19764 service.js-43 - origin:  http://localhost:1234
[2022-06-01T16:24:08.410] [DEBUG] 19764 service.js-29 - GET: /getAllItems
[2022-06-01T16:24:08.410] [INFO] 19764 service.js-43 - origin:  http://localhost:1234
[2022-06-01T16:24:20.615] [DEBUG] 19764 service.js-29 - GET: /getAllItems
[2022-06-01T16:24:20.616] [INFO] 19764 service.js-43 - origin:  http://localhost:1234
[2022-06-01T16:27:02.673] [DEBUG] 19764 service.js-29 - GET: /getAllItems
[2022-06-01T16:27:02.673] [INFO] 19764 service.js-43 - origin:  http://localhost:1234
[2022-06-01T16:27:38.546] [DEBUG] 19764 service.js-29 - GET: /getAllItems
[2022-06-01T16:27:38.547] [INFO] 19764 service.js-43 - origin:  http://localhost:1234
[2022-06-01T16:28:22.265] [DEBUG] 19764 service.js-29 - GET: /getAllItems
[2022-06-01T16:28:22.265] [INFO] 19764 service.js-43 - origin:  http://localhost:1234
[2022-06-01T16:28:46.874] [DEBUG] 19764 service.js-29 - GET: /getAllItems
[2022-06-01T16:28:46.874] [INFO] 19764 service.js-43 - origin:  http://localhost:1234
[2022-06-01T16:28:58.494] [DEBUG] 19764 service.js-29 - GET: /getAllItems
[2022-06-01T16:28:58.495] [INFO] 19764 service.js-43 - origin:  http://localhost:1234
[2022-06-01T16:34:19.423] [DEBUG] 19764 service.js-29 - GET: /getAllItems
[2022-06-01T16:34:19.424] [INFO] 19764 service.js-43 - origin:  http://localhost:1234
[2022-06-01T16:36:17.660] [INFO] 25468 run-16 - Listening on port 3000 in development mode.
[2022-06-01T16:36:18.595] [INFO] 25468 service.js-24 - DB is connected
[2022-06-01T16:37:40.609] [DEBUG] 25468 service.js-30 - GET: /getAllItems
[2022-06-01T16:37:40.610] [INFO] 25468 service.js-44 - origin:  http://localhost:1234
[2022-06-01T16:37:43.469] [DEBUG] 25468 service.js-30 - OPTIONS: /deleteItem/629718fa2f52f664bc8bab86
[2022-06-01T16:37:43.469] [INFO] 25468 service.js-44 - origin:  http://localhost:1234
[2022-06-01T16:37:43.471] [DEBUG] 25468 service.js-30 - DELETE: /deleteItem/629718fa2f52f664bc8bab86
[2022-06-01T16:37:43.471] [INFO] 25468 service.js-44 - origin:  http://localhost:1234
[2022-06-01T16:39:36.307] [DEBUG] 25468 service.js-30 - GET: /getAllItems
[2022-06-01T16:39:36.307] [INFO] 25468 service.js-44 - origin:  http://localhost:1234
[2022-06-01T16:39:39.781] [DEBUG] 25468 service.js-30 - OPTIONS: /deleteItem/6297c384ad3cc84d34f47e2f
[2022-06-01T16:39:39.781] [INFO] 25468 service.js-44 - origin:  http://localhost:1234
[2022-06-01T16:39:39.782] [DEBUG] 25468 service.js-30 - DELETE: /deleteItem/6297c384ad3cc84d34f47e2f
[2022-06-01T16:39:39.782] [INFO] 25468 service.js-44 - origin:  http://localhost:1234
[2022-06-01T16:47:32.590] [DEBUG] 25468 service.js-30 - GET: /getAllItems
[2022-06-01T16:47:32.590] [INFO] 25468 service.js-44 - origin:  http://localhost:1234
[2022-06-01T16:47:41.763] [DEBUG] 25468 service.js-30 - OPTIONS: /deleteItem/62971d33a5f5225648b44205
[2022-06-01T16:47:41.764] [INFO] 25468 service.js-44 - origin:  http://localhost:1234
[2022-06-01T16:47:41.766] [DEBUG] 25468 service.js-30 - DELETE: /deleteItem/62971d33a5f5225648b44205
[2022-06-01T16:47:41.766] [INFO] 25468 service.js-44 - origin:  http://localhost:1234
[2022-06-01T16:48:20.306] [DEBUG] 25468 service.js-30 - GET: /getAllItems
[2022-06-01T16:48:20.306] [INFO] 25468 service.js-44 - origin:  http://localhost:1234
[2022-06-01T16:48:25.181] [DEBUG] 25468 service.js-30 - OPTIONS: /deleteItem/6297c384ad3cc84d34f47e2f
[2022-06-01T16:48:25.181] [INFO] 25468 service.js-44 - origin:  http://localhost:1234
[2022-06-01T16:48:25.183] [DEBUG] 25468 service.js-30 - DELETE: /deleteItem/6297c384ad3cc84d34f47e2f
[2022-06-01T16:48:25.183] [INFO] 25468 service.js-44 - origin:  http://localhost:1234
[2022-06-01T16:48:43.971] [DEBUG] 25468 service.js-30 - GET: /getAllItems
[2022-06-01T16:48:43.971] [INFO] 25468 service.js-44 - origin:  http://localhost:1234
[2022-06-01T16:48:46.691] [DEBUG] 25468 service.js-30 - OPTIONS: /deleteItem/undefined
[2022-06-01T16:48:46.691] [INFO] 25468 service.js-44 - origin:  http://localhost:1234
[2022-06-01T16:48:46.695] [DEBUG] 25468 service.js-30 - DELETE: /deleteItem/undefined
[2022-06-01T16:48:46.695] [INFO] 25468 service.js-44 - origin:  http://localhost:1234
[2022-06-01T16:48:48.139] [DEBUG] 25468 service.js-30 - GET: /getAllItems
[2022-06-01T16:48:48.139] [INFO] 25468 service.js-44 - origin:  http://localhost:1234
[2022-06-01T16:49:36.256] [DEBUG] 25468 service.js-30 - GET: /getAllItems
[2022-06-01T16:49:36.256] [INFO] 25468 service.js-44 - origin:  http://localhost:1234
[2022-06-01T16:49:53.876] [DEBUG] 25468 service.js-30 - GET: /getAllItems
[2022-06-01T16:49:53.876] [INFO] 25468 service.js-44 - origin:  http://localhost:1234
[2022-06-01T16:50:21.607] [DEBUG] 25468 service.js-30 - OPTIONS: /addNewItem
[2022-06-01T16:50:21.607] [INFO] 25468 service.js-44 - origin:  http://localhost:1234
[2022-06-01T16:50:21.608] [DEBUG] 25468 service.js-30 - POST: /addNewItem
[2022-06-01T16:50:21.616] [INFO] 25468 service.js-44 - origin:  http://localhost:1234
[2022-06-01T16:50:30.518] [DEBUG] 25468 service.js-30 - GET: /getAllItems
[2022-06-01T16:50:30.518] [INFO] 25468 service.js-44 - origin:  http://localhost:1234
[2022-06-01T16:50:51.757] [DEBUG] 25468 service.js-30 - OPTIONS: /addNewItem
[2022-06-01T16:50:51.757] [INFO] 25468 service.js-44 - origin:  http://localhost:1234
[2022-06-01T16:50:51.759] [DEBUG] 25468 service.js-30 - POST: /addNewItem
[2022-06-01T16:50:51.759] [INFO] 25468 service.js-44 - origin:  http://localhost:1234
[2022-06-01T16:52:02.331] [DEBUG] 25468 service.js-30 - GET: /getAllItems
[2022-06-01T16:52:02.331] [INFO] 25468 service.js-44 - origin:  http://localhost:1234
[2022-06-01T16:52:16.220] [DEBUG] 25468 service.js-30 - GET: /getAllItems
[2022-06-01T16:52:16.220] [INFO] 25468 service.js-44 - origin:  http://localhost:1234
[2022-06-01T16:53:43.395] [DEBUG] 25468 service.js-30 - GET: /getAllItems
[2022-06-01T16:53:43.395] [INFO] 25468 service.js-44 - origin:  http://localhost:1234
[2022-06-01T16:53:46.238] [DEBUG] 25468 service.js-30 - OPTIONS: /addNewItem
[2022-06-01T16:53:46.238] [INFO] 25468 service.js-44 - origin:  http://localhost:1234
[2022-06-01T16:53:46.240] [DEBUG] 25468 service.js-30 - POST: /addNewItem
[2022-06-01T16:53:46.240] [INFO] 25468 service.js-44 - origin:  http://localhost:1234
[2022-06-01T16:54:27.196] [DEBUG] 25468 service.js-30 - GET: /getAllItems
[2022-06-01T16:54:27.196] [INFO] 25468 service.js-44 - origin:  http://localhost:1234
[2022-06-01T16:54:29.790] [DEBUG] 25468 service.js-30 - OPTIONS: /addNewItem
[2022-06-01T16:54:29.790] [INFO] 25468 service.js-44 - origin:  http://localhost:1234
[2022-06-01T16:54:29.791] [DEBUG] 25468 service.js-30 - POST: /addNewItem
[2022-06-01T16:54:29.791] [INFO] 25468 service.js-44 - origin:  http://localhost:1234
[2022-06-01T16:54:38.615] [DEBUG] 25468 service.js-30 - GET: /getAllItems
[2022-06-01T16:54:38.615] [INFO] 25468 service.js-44 - origin:  http://localhost:1234
[2022-06-01T16:54:40.138] [DEBUG] 25468 service.js-30 - OPTIONS: /addNewItem
[2022-06-01T16:54:40.138] [INFO] 25468 service.js-44 - origin:  http://localhost:1234
[2022-06-01T16:54:40.140] [DEBUG] 25468 service.js-30 - POST: /addNewItem
[2022-06-01T16:54:40.140] [INFO] 25468 service.js-44 - origin:  http://localhost:1234
[2022-06-01T16:54:53.558] [DEBUG] 25468 service.js-30 - OPTIONS: /addNewItem
[2022-06-01T16:54:53.558] [INFO] 25468 service.js-44 - origin:  http://localhost:1234
[2022-06-01T16:54:53.560] [DEBUG] 25468 service.js-30 - POST: /addNewItem
[2022-06-01T16:54:53.560] [INFO] 25468 service.js-44 - origin:  http://localhost:1234
[2022-06-01T16:55:00.718] [DEBUG] 25468 service.js-30 - OPTIONS: /deleteItem/6297df1d8930a6637c68c9ff
[2022-06-01T16:55:00.718] [INFO] 25468 service.js-44 - origin:  http://localhost:1234
[2022-06-01T16:55:00.720] [DEBUG] 25468 service.js-30 - DELETE: /deleteItem/6297df1d8930a6637c68c9ff
[2022-06-01T16:55:00.720] [INFO] 25468 service.js-44 - origin:  http://localhost:1234
[2022-06-01T16:57:52.340] [DEBUG] 25468 service.js-30 - GET: /getAllItems
[2022-06-01T16:57:52.340] [INFO] 25468 service.js-44 - origin:  http://localhost:1234
[2022-06-01T16:57:56.217] [DEBUG] 25468 service.js-30 - OPTIONS: /deleteItem/6297e02d8930a6637c68ca0f
[2022-06-01T16:57:56.217] [INFO] 25468 service.js-44 - origin:  http://localhost:1234
[2022-06-01T16:57:56.218] [DEBUG] 25468 service.js-30 - DELETE: /deleteItem/6297e02d8930a6637c68ca0f
[2022-06-01T16:57:56.218] [INFO] 25468 service.js-44 - origin:  http://localhost:1234
[2022-06-01T16:58:09.171] [DEBUG] 25468 service.js-30 - OPTIONS: /deleteItem/6297dfea8930a6637c68ca07
[2022-06-01T16:58:09.171] [INFO] 25468 service.js-44 - origin:  http://localhost:1234
[2022-06-01T16:58:09.173] [DEBUG] 25468 service.js-30 - DELETE: /deleteItem/6297dfea8930a6637c68ca07
[2022-06-01T16:58:09.173] [INFO] 25468 service.js-44 - origin:  http://localhost:1234
[2022-06-01T16:58:36.755] [DEBUG] 25468 service.js-30 - GET: /getAllItems
[2022-06-01T16:58:36.756] [INFO] 25468 service.js-44 - origin:  http://localhost:1234
[2022-06-01T16:58:38.218] [DEBUG] 25468 service.js-30 - OPTIONS: /deleteItem/6297e0158930a6637c68ca0a
[2022-06-01T16:58:38.218] [INFO] 25468 service.js-44 - origin:  http://localhost:1234
[2022-06-01T16:58:38.220] [DEBUG] 25468 service.js-30 - DELETE: /deleteItem/6297e0158930a6637c68ca0a
[2022-06-01T16:58:38.220] [INFO] 25468 service.js-44 - origin:  http://localhost:1234
[2022-06-01T16:58:39.211] [DEBUG] 25468 service.js-30 - OPTIONS: /deleteItem/6297e02d8930a6637c68ca0f
[2022-06-01T16:58:39.212] [INFO] 25468 service.js-44 - origin:  http://localhost:1234
[2022-06-01T16:58:39.213] [DEBUG] 25468 service.js-30 - DELETE: /deleteItem/6297e02d8930a6637c68ca0f
[2022-06-01T16:58:39.213] [INFO] 25468 service.js-44 - origin:  http://localhost:1234
[2022-06-01T16:58:39.886] [DEBUG] 25468 service.js-30 - DELETE: /deleteItem/6297e02d8930a6637c68ca0f
[2022-06-01T16:58:39.886] [INFO] 25468 service.js-44 - origin:  http://localhost:1234
[2022-06-01T16:58:58.635] [DEBUG] 25468 service.js-30 - GET: /getAllItems
[2022-06-01T16:58:58.635] [INFO] 25468 service.js-44 - origin:  http://localhost:1234
[2022-06-01T16:59:02.011] [DEBUG] 25468 service.js-30 - GET: /getAllItems
[2022-06-01T16:59:02.011] [INFO] 25468 service.js-44 - origin:  http://localhost:1234
[2022-06-01T16:59:08.263] [DEBUG] 25468 service.js-30 - OPTIONS: /addNewItem
[2022-06-01T16:59:08.264] [INFO] 25468 service.js-44 - origin:  http://localhost:1234
[2022-06-01T16:59:08.266] [DEBUG] 25468 service.js-30 - POST: /addNewItem
[2022-06-01T16:59:08.267] [INFO] 25468 service.js-44 - origin:  http://localhost:1234
[2022-06-01T16:59:36.241] [DEBUG] 25468 service.js-30 - OPTIONS: /addNewItem
[2022-06-01T16:59:36.241] [INFO] 25468 service.js-44 - origin:  http://localhost:1234
[2022-06-01T16:59:36.242] [DEBUG] 25468 service.js-30 - POST: /addNewItem
[2022-06-01T16:59:36.243] [INFO] 25468 service.js-44 - origin:  http://localhost:1234
[2022-06-01T16:59:58.034] [DEBUG] 25468 service.js-30 - OPTIONS: /addNewItem
[2022-06-01T16:59:58.034] [INFO] 25468 service.js-44 - origin:  http://localhost:1234
[2022-06-01T16:59:58.035] [DEBUG] 25468 service.js-30 - POST: /addNewItem
[2022-06-01T16:59:58.036] [INFO] 25468 service.js-44 - origin:  http://localhost:1234
[2022-06-01T17:01:32.692] [INFO] 27200 run-16 - Listening on port 3000 in development mode.
[2022-06-01T17:01:33.580] [INFO] 27200 service.js-24 - DB is connected
[2022-06-01T17:01:35.008] [DEBUG] 27200 service.js-30 - GET: /getAllItems
[2022-06-01T17:01:35.008] [INFO] 27200 service.js-44 - origin:  http://localhost:1234
[2022-06-01T17:12:26.577] [INFO] 31072 run-16 - Listening on port 3000 in development mode.
[2022-06-01T17:12:27.317] [INFO] 31072 service.js-24 - DB is connected
[2022-06-01T17:12:32.066] [DEBUG] 31072 service.js-30 - GET: /getAllItems
[2022-06-01T17:12:32.067] [INFO] 31072 service.js-44 - origin:  http://localhost:1234
[2022-06-01T17:12:39.932] [DEBUG] 31072 service.js-30 - OPTIONS: /addNewItem
[2022-06-01T17:12:39.932] [INFO] 31072 service.js-44 - origin:  http://localhost:1234
[2022-06-01T17:12:39.934] [DEBUG] 31072 service.js-30 - POST: /addNewItem
[2022-06-01T17:12:39.941] [INFO] 31072 service.js-44 - origin:  http://localhost:1234
